# JRE version: OpenJDK Runtime Environment (11.0.10) (build 11.0.10+0-b96-7249189)
# Java VM: OpenJDK 64-Bit Server VM (11.0.10+0-b96-7249189, mixed mode, tiered, compressed oops, g1 gc, windows-amd64)
Heap:
 garbage-first heap   total 1199104K, used 438208K [0x0000000080000000, 0x0000000100000000)
  region size 1024K, 3 young (3072K), 3 survivors (3072K)
 Metaspace       used 175189K, capacity 182752K, committed 182996K, reserved 1208320K
  class space    used 21410K, capacity 23861K, committed 23936K, reserved 1048576K
GC Heap History (20 events):
Event: 18911.046 GC heap after
{Heap after GC invocations=154 (full 0):
 garbage-first heap   total 600064K, used 362496K [0x0000000080000000, 0x0000000100000000)
  region size 1024K, 3 young (3072K), 3 survivors (3072K)
 Metaspace       used 174948K, capacity 182485K, committed 182740K, reserved 1208320K
  class space    used 21402K, capacity 23846K, committed 23936K, reserved 1048576K
}
Event: 18911.237 GC heap before
{Heap before GC invocations=154 (full 0):
 garbage-first heap   total 600064K, used 396288K [0x0000000080000000, 0x0000000100000000)
  region size 1024K, 36 young (36864K), 3 survivors (3072K)
 Metaspace       used 174948K, capacity 182485K, committed 182740K, reserved 1208320K
  class space    used 21402K, capacity 23846K, committed 23936K, reserved 1048576K
}
Event: 18911.250 GC heap after
{Heap after GC invocations=155 (full 0):
 garbage-first heap   total 600064K, used 362687K [0x0000000080000000, 0x0000000100000000)
  region size 1024K, 2 young (2048K), 2 survivors (2048K)
 Metaspace       used 174948K, capacity 182485K, committed 182740K, reserved 1208320K
  class space    used 21402K, capacity 23846K, committed 23936K, reserved 1048576K
}
Event: 18911.713 GC heap before
{Heap before GC invocations=155 (full 0):
 garbage-first heap   total 600064K, used 419007K [0x0000000080000000, 0x0000000100000000)
  region size 1024K, 43 young (44032K), 2 survivors (2048K)
 Metaspace       used 174974K, capacity 182487K, committed 182740K, reserved 1208320K
  class space    used 21402K, capacity 23846K, committed 23936K, reserved 1048576K
}
Event: 18911.730 GC heap after
{Heap after GC invocations=156 (full 0):
 garbage-first heap   total 600064K, used 366308K [0x0000000080000000, 0x0000000100000000)
  region size 1024K, 5 young (5120K), 5 survivors (5120K)
 Metaspace       used 174974K, capacity 182487K, committed 182740K, reserved 1208320K
  class space    used 21402K, capacity 23846K, committed 23936K, reserved 1048576K
}
Event: 18912.046 GC heap before
{Heap before GC invocations=156 (full 0):
 garbage-first heap   total 600064K, used 410340K [0x0000000080000000, 0x0000000100000000)
  region size 1024K, 49 young (50176K), 5 survivors (5120K)
 Metaspace       used 174984K, capacity 182551K, committed 182740K, reserved 1208320K
  class space    used 21402K, capacity 23846K, committed 23936K, reserved 1048576K
}
Event: 18912.064 GC heap after
{Heap after GC invocations=157 (full 0):
 garbage-first heap   total 600064K, used 368630K [0x0000000080000000, 0x0000000100000000)
  region size 1024K, 3 young (3072K), 3 survivors (3072K)
 Metaspace       used 174984K, capacity 182551K, committed 182740K, reserved 1208320K
  class space    used 21402K, capacity 23846K, committed 23936K, reserved 1048576K
}
Event: 18912.874 GC heap before
{Heap before GC invocations=157 (full 0):
 garbage-first heap   total 600064K, used 424950K [0x0000000080000000, 0x0000000100000000)
  region size 1024K, 59 young (60416K), 3 survivors (3072K)
 Metaspace       used 175069K, capacity 182573K, committed 182740K, reserved 1208320K
  class space    used 21404K, capacity 23851K, committed 23936K, reserved 1048576K
}
Event: 18912.887 GC heap after
{Heap after GC invocations=158 (full 0):
 garbage-first heap   total 600064K, used 369910K [0x0000000080000000, 0x0000000100000000)
  region size 1024K, 4 young (4096K), 4 survivors (4096K)
 Metaspace       used 175069K, capacity 182573K, committed 182740K, reserved 1208320K
  class space    used 21404K, capacity 23851K, committed 23936K, reserved 1048576K
}
Event: 18914.294 GC heap before
{Heap before GC invocations=158 (full 0):
 garbage-first heap   total 600064K, used 452854K [0x0000000080000000, 0x0000000100000000)
  region size 1024K, 73 young (74752K), 4 survivors (4096K)
 Metaspace       used 175138K, capacity 182668K, committed 182996K, reserved 1208320K
  class space    used 21408K, capacity 23858K, committed 23936K, reserved 1048576K
}
Event: 18914.518 GC heap after
{Heap after GC invocations=159 (full 0):
 garbage-first heap   total 600064K, used 387180K [0x0000000080000000, 0x0000000100000000)
  region size 1024K, 10 young (10240K), 10 survivors (10240K)
 Metaspace       used 175138K, capacity 182668K, committed 182996K, reserved 1208320K
  class space    used 21408K, capacity 23858K, committed 23936K, reserved 1048576K
}
Event: 18914.811 GC heap before
{Heap before GC invocations=159 (full 0):
 garbage-first heap   total 600064K, used 431212K [0x0000000080000000, 0x0000000100000000)
  region size 1024K, 52 young (53248K), 10 survivors (10240K)
 Metaspace       used 175155K, capacity 182736K, committed 182996K, reserved 1208320K
  class space    used 21409K, capacity 23859K, committed 23936K, reserved 1048576K
}
Event: 18915.144 GC heap after
{Heap after GC invocations=160 (full 0):
 garbage-first heap   total 600064K, used 398113K [0x0000000080000000, 0x0000000100000000)
  region size 1024K, 7 young (7168K), 7 survivors (7168K)
 Metaspace       used 175155K, capacity 182736K, committed 182996K, reserved 1208320K
  class space    used 21409K, capacity 23859K, committed 23936K, reserved 1048576K
}
Event: 18915.574 GC heap before
{Heap before GC invocations=160 (full 0):
 garbage-first heap   total 600064K, used 432929K [0x0000000080000000, 0x0000000100000000)
  region size 1024K, 39 young (39936K), 7 survivors (7168K)
 Metaspace       used 175169K, capacity 182742K, committed 182996K, reserved 1208320K
  class space    used 21410K, capacity 23861K, committed 23936K, reserved 1048576K
}
Event: 18915.814 GC heap after
{Heap after GC invocations=161 (full 0):
 garbage-first heap   total 600064K, used 410932K [0x0000000080000000, 0x0000000100000000)
  region size 1024K, 5 young (5120K), 5 survivors (5120K)
 Metaspace       used 175169K, capacity 182742K, committed 182996K, reserved 1208320K
  class space    used 21410K, capacity 23861K, committed 23936K, reserved 1048576K
}
Event: 18915.990 GC heap before
{Heap before GC invocations=161 (full 0):
 garbage-first heap   total 600064K, used 435508K [0x0000000080000000, 0x0000000100000000)
  region size 1024K, 29 young (29696K), 5 survivors (5120K)
 Metaspace       used 175169K, capacity 182742K, committed 182996K, reserved 1208320K
  class space    used 21410K, capacity 23861K, committed 23936K, reserved 1048576K
}
Event: 18916.121 GC heap after
{Heap after GC invocations=162 (full 0):
 garbage-first heap   total 600064K, used 424448K [0x0000000080000000, 0x0000000100000000)
  region size 1024K, 4 young (4096K), 4 survivors (4096K)
 Metaspace       used 175169K, capacity 182742K, committed 182996K, reserved 1208320K
  class space    used 21410K, capacity 23861K, committed 23936K, reserved 1048576K
}
Event: 18916.563 GC heap before
{Heap before GC invocations=162 (full 0):
 garbage-first heap   total 600064K, used 450048K [0x0000000080000000, 0x0000000100000000)
  region size 1024K, 29 young (29696K), 4 survivors (4096K)
 Metaspace       used 175170K, capacity 182742K, committed 182996K, reserved 1208320K
  class space    used 21410K, capacity 23861K, committed 23936K, reserved 1048576K
}
Event: 18916.653 GC heap after
{Heap after GC invocations=163 (full 0):
 garbage-first heap   total 600064K, used 434176K [0x0000000080000000, 0x0000000100000000)
  region size 1024K, 4 young (4096K), 4 survivors (4096K)
 Metaspace       used 175170K, capacity 182742K, committed 182996K, reserved 1208320K
  class space    used 21410K, capacity 23861K, committed 23936K, reserved 1048576K
}
Event: 18916.971 GC heap before
{Heap before GC invocations=163 (full 0):
 garbage-first heap   total 600064K, used 459776K [0x0000000080000000, 0x0000000100000000)
  region size 1024K, 29 young (29696K), 4 survivors (4096K)
 Metaspace       used 175189K, capacity 182752K, committed 182996K, reserved 1208320K
  class space    used 21410K, capacity 23861K, committed 23936K, reserved 1048576K
}

